** Drc report for 69split-left.kicad_pcb **
** Created on 2026-04-30T17:00:19 **
** Report includes: Errors, Warnings **

** Found 30 DRC violations **
[copper_edge_clearance]: Board edge clearance violation (board setup constraints edge clearance 0.2000 mm; actual 0.1005 mm)
    Rule: board setup constraints edge; error
    @(67.6200 mm, 40.0000 mm): NPTH pad of J1
    @(59.6000 mm, 34.2500 mm): Zone [GND] on F.Cu and B.Cu, priority 0
[copper_edge_clearance]: Board edge clearance violation (board setup constraints edge clearance 0.2000 mm; actual 0.1005 mm)
    Rule: board setup constraints edge; error
    @(67.6200 mm, 40.0000 mm): NPTH pad of J1
    @(59.6000 mm, 34.2500 mm): Zone [GND] on F.Cu and B.Cu, priority 0
[lib_footprint_mismatch]: Footprint 'C_0603_1608Metric_Pad1.08x0.95mm_HandSolder' does not match copy in library 'Capacitor_SMD'
    Local override; warning
    @(76.0900 mm, 52.0100 mm): Footprint C10
[lib_footprint_mismatch]: Footprint 'C_0603_1608Metric_Pad1.08x0.95mm_HandSolder' does not match copy in library 'Capacitor_SMD'
    Local override; warning
    @(76.0900 mm, 50.0200 mm): Footprint C1
[lib_footprint_mismatch]: Footprint 'R_0603_1608Metric_Pad0.98x0.95mm_HandSolder' does not match copy in library 'Resistor_SMD'
    Local override; warning
    @(201.5900 mm, 41.6200 mm): Footprint R10
[lib_footprint_mismatch]: Footprint 'R_0603_1608Metric_Pad0.98x0.95mm_HandSolder' does not match copy in library 'Resistor_SMD'
    Local override; warning
    @(76.5400 mm, 85.6300 mm): Footprint R9
[lib_footprint_mismatch]: Footprint 'C_0603_1608Metric_Pad1.08x0.95mm_HandSolder' does not match copy in library 'Capacitor_SMD'
    Local override; warning
    @(73.2300 mm, 61.7200 mm): Footprint C11
[lib_footprint_mismatch]: Footprint 'C_0603_1608Metric_Pad1.08x0.95mm_HandSolder' does not match copy in library 'Capacitor_SMD'
    Local override; warning
    @(67.9600 mm, 122.6300 mm): Footprint C6
[lib_footprint_mismatch]: Footprint 'R_0603_1608Metric_Pad0.98x0.95mm_HandSolder' does not match copy in library 'Resistor_SMD'
    Local override; warning
    @(72.0100 mm, 44.8300 mm): Footprint R1
[lib_footprint_mismatch]: Footprint 'C_0603_1608Metric_Pad1.08x0.95mm_HandSolder' does not match copy in library 'Capacitor_SMD'
    Local override; warning
    @(63.5425 mm, 91.0655 mm): Footprint C5
[lib_footprint_mismatch]: Footprint 'C_0603_1608Metric_Pad1.08x0.95mm_HandSolder' does not match copy in library 'Capacitor_SMD'
    Local override; warning
    @(68.8100 mm, 105.4590 mm): Footprint C8
[lib_footprint_mismatch]: Footprint 'TQFP-44_10x10mm_P0.8mm' does not match copy in library 'Package_QFP'
    Local override; warning
    @(71.0500 mm, 95.7300 mm): Footprint U1
[lib_footprint_mismatch]: Footprint 'R_0603_1608Metric_Pad0.98x0.95mm_HandSolder' does not match copy in library 'Resistor_SMD'
    Local override; warning
    @(76.0900 mm, 72.9100 mm): Footprint R7
[lib_footprint_mismatch]: Footprint 'R_0603_1608Metric_Pad0.98x0.95mm_HandSolder' does not match copy in library 'Resistor_SMD'
    Local override; warning
    @(76.1900 mm, 80.9100 mm): Footprint R5
[lib_footprint_mismatch]: Footprint 'R_0603_1608Metric_Pad0.98x0.95mm_HandSolder' does not match copy in library 'Resistor_SMD'
    Local override; warning
    @(71.5300 mm, 122.6200 mm): Footprint R8
[lib_footprint_mismatch]: Footprint 'R_0603_1608Metric_Pad0.98x0.95mm_HandSolder' does not match copy in library 'Resistor_SMD'
    Local override; warning
    @(74.8900 mm, 44.8100 mm): Footprint R4
[lib_footprint_mismatch]: Footprint 'R_0603_1608Metric_Pad0.98x0.95mm_HandSolder' does not match copy in library 'Resistor_SMD'
    Local override; warning
    @(76.1900 mm, 77.0100 mm): Footprint R6
[lib_footprint_mismatch]: Footprint 'R_0603_1608Metric_Pad0.98x0.95mm_HandSolder' does not match copy in library 'Resistor_SMD'
    Local override; warning
    @(70.3100 mm, 44.8400 mm): Footprint R2
[lib_footprint_mismatch]: Footprint 'C_0603_1608Metric_Pad1.08x0.95mm_HandSolder' does not match copy in library 'Capacitor_SMD'
    Local override; warning
    @(67.5900 mm, 103.7600 mm): Footprint C2
[lib_footprint_mismatch]: Footprint 'PinHeader_1x11_P2.54mm_Vertical' does not match copy in library 'Connector_PinHeader_2.54mm'
    Local override; warning
    @(81.5000 mm, 36.1900 mm): Footprint J4
[lib_footprint_mismatch]: Footprint 'R_0603_1608Metric_Pad0.98x0.95mm_HandSolder' does not match copy in library 'Resistor_SMD'
    Local override; warning
    @(201.5900 mm, 40.0700 mm): Footprint R11
[lib_footprint_mismatch]: Footprint 'C_0603_1608Metric_Pad1.08x0.95mm_HandSolder' does not match copy in library 'Capacitor_SMD'
    Local override; warning
    @(72.3000 mm, 105.4600 mm): Footprint C7
[lib_footprint_mismatch]: Footprint 'LED_0805_2012Metric_Pad1.15x1.40mm_HandSolder' does not match copy in library 'LED_SMD'
    Local override; warning
    @(72.0025 mm, 81.0100 mm): Footprint D1
[lib_footprint_mismatch]: Footprint 'C_0603_1608Metric_Pad1.08x0.95mm_HandSolder' does not match copy in library 'Capacitor_SMD'
    Local override; warning
    @(66.5600 mm, 88.2000 mm): Footprint C4
[lib_footprint_mismatch]: Footprint 'LED_0805_2012Metric_Pad1.15x1.40mm_HandSolder' does not match copy in library 'LED_SMD'
    Local override; warning
    @(72.0775 mm, 77.0600 mm): Footprint D2
[lib_footprint_mismatch]: Footprint 'LED_0805_2012Metric_Pad1.15x1.40mm_HandSolder' does not match copy in library 'LED_SMD'
    Local override; warning
    @(72.0025 mm, 73.1100 mm): Footprint D3
[lib_footprint_mismatch]: Footprint 'C_0603_1608Metric_Pad1.08x0.95mm_HandSolder' does not match copy in library 'Capacitor_SMD'
    Local override; warning
    @(76.5400 mm, 87.8800 mm): Footprint C3
[lib_footprint_mismatch]: Footprint 'R_0603_1608Metric_Pad0.98x0.95mm_HandSolder' does not match copy in library 'Resistor_SMD'
    Local override; warning
    @(67.4000 mm, 44.8500 mm): Footprint R3
[lib_footprint_mismatch]: Footprint 'C_0603_1608Metric_Pad1.08x0.95mm_HandSolder' does not match copy in library 'Capacitor_SMD'
    Local override; warning
    @(62.6300 mm, 95.7000 mm): Footprint C9
[lib_footprint_mismatch]: Footprint 'PinHeader_2x03_P2.54mm_Vertical' does not match copy in library 'Connector_PinHeader_2.54mm'
    Local override; warning
    @(74.1100 mm, 114.9700 mm): Footprint J2

** Found 0 unconnected pads **

** Found 34 Footprint errors **
[footprint_symbol_field_mismatch]: Field 'Datasheet' differs (PCB: '~', Schematic: '')
    Local override; warning
    @(76.0900 mm, 50.0200 mm): Footprint C1
[footprint_symbol_field_mismatch]: Field 'Datasheet' differs (PCB: '~', Schematic: '')
    Local override; warning
    @(72.0100 mm, 44.8300 mm): Footprint R1
[footprint_symbol_field_mismatch]: Field 'Datasheet' differs (PCB: '~', Schematic: '')
    Local override; warning
    @(70.3100 mm, 44.8400 mm): Footprint R2
[footprint_symbol_field_mismatch]: Field 'Datasheet' differs (PCB: '~', Schematic: '')
    Local override; warning
    @(67.4000 mm, 44.8500 mm): Footprint R3
[footprint_symbol_field_mismatch]: Field 'Datasheet' differs (PCB: '~', Schematic: '')
    Local override; warning
    @(74.8900 mm, 44.8100 mm): Footprint R4
[footprint_symbol_field_mismatch]: Field 'Datasheet' differs (PCB: '~', Schematic: '')
    Local override; warning
    @(72.0025 mm, 81.0100 mm): Footprint D1
[footprint_symbol_field_mismatch]: Field 'Datasheet' differs (PCB: '~', Schematic: '')
    Local override; warning
    @(72.0775 mm, 77.0600 mm): Footprint D2
[footprint_symbol_field_mismatch]: Field 'Datasheet' differs (PCB: '~', Schematic: '')
    Local override; warning
    @(72.0025 mm, 73.1100 mm): Footprint D3
[footprint_symbol_field_mismatch]: Field 'Datasheet' differs (PCB: '~', Schematic: '')
    Local override; warning
    @(76.1900 mm, 80.9100 mm): Footprint R5
[footprint_symbol_field_mismatch]: Field 'Datasheet' differs (PCB: '~', Schematic: '')
    Local override; warning
    @(76.1900 mm, 77.0100 mm): Footprint R6
[footprint_symbol_field_mismatch]: Field 'Datasheet' differs (PCB: '~', Schematic: '')
    Local override; warning
    @(76.0900 mm, 72.9100 mm): Footprint R7
[footprint_symbol_field_mismatch]: Field 'Datasheet' differs (PCB: '~', Schematic: '')
    Local override; warning
    @(67.5900 mm, 103.7600 mm): Footprint C2
[footprint_symbol_field_mismatch]: Field 'Datasheet' differs (PCB: '~', Schematic: '')
    Local override; warning
    @(76.5400 mm, 87.8800 mm): Footprint C3
[footprint_symbol_field_mismatch]: Field 'Datasheet' differs (PCB: '~', Schematic: '')
    Local override; warning
    @(66.5600 mm, 88.2000 mm): Footprint C4
[footprint_symbol_field_mismatch]: Field 'Datasheet' differs (PCB: '~', Schematic: '')
    Local override; warning
    @(63.5425 mm, 91.0655 mm): Footprint C5
[footprint_symbol_field_mismatch]: Field 'Datasheet' differs (PCB: '~', Schematic: '')
    Local override; warning
    @(67.9600 mm, 122.6300 mm): Footprint C6
[footprint_symbol_field_mismatch]: Field 'MPN' differs (PCB: 'CC0603JRNPO0BN300 ', Schematic: 'Generic')
    Local override; warning
    @(72.3000 mm, 105.4600 mm): Footprint C7
[footprint_symbol_field_mismatch]: Field 'MPN' differs (PCB: 'CC0603JRNPO0BN300 ', Schematic: 'Generic')
    Local override; warning
    @(68.8100 mm, 105.4590 mm): Footprint C8
[footprint_symbol_field_mismatch]: Field 'Datasheet' differs (PCB: '~', Schematic: '')
    Local override; warning
    @(62.6300 mm, 95.7000 mm): Footprint C9
[footprint_symbol_field_mismatch]: Field 'Datasheet' differs (PCB: '~', Schematic: '')
    Local override; warning
    @(74.1100 mm, 114.9700 mm): Footprint J2
[footprint_symbol_field_mismatch]: Field 'Datasheet' differs (PCB: '~', Schematic: '')
    Local override; warning
    @(71.5300 mm, 122.6200 mm): Footprint R8
[footprint_symbol_field_mismatch]: Field 'Datasheet' differs (PCB: '~', Schematic: '')
    Local override; warning
    @(76.5400 mm, 85.6300 mm): Footprint R9
[footprint_symbol_field_mismatch]: Field 'Datasheet' differs (PCB: '~', Schematic: '')
    Local override; warning
    @(201.5900 mm, 41.6200 mm): Footprint R10
[footprint_symbol_field_mismatch]: Field 'Datasheet' differs (PCB: '~', Schematic: '')
    Local override; warning
    @(201.5900 mm, 40.0700 mm): Footprint R11
[footprint_symbol_field_mismatch]: Field 'Datasheet' differs (PCB: '~', Schematic: '')
    Local override; warning
    @(63.5400 mm, 128.3900 mm): Footprint SW1
[footprint_symbol_field_mismatch]: Field 'MPN' differs (PCB: 'ABL-8.000MHZ-B4Y-T ', Schematic: 'ABL-16.000MHZ-B4Y-T ')
    Local override; warning
    @(73.8621 mm, 109.0373 mm): Footprint Y1
[footprint_symbol_field_mismatch]: Field 'Datasheet' differs (PCB: '~', Schematic: '')
    Local override; warning
    @(76.0900 mm, 52.0100 mm): Footprint C10
[footprint_symbol_field_mismatch]: Field 'Datasheet' differs (PCB: '~', Schematic: '')
    Local override; warning
    @(73.2300 mm, 61.7200 mm): Footprint C11
[footprint_symbol_field_mismatch]: Field 'Datasheet' differs (PCB: '~', Schematic: '')
    Local override; warning
    @(71.6000 mm, 67.1000 mm): Footprint SW32
[footprint_symbol_field_mismatch]: Field 'Key' differs (PCB: 'Shift', Schematic: 'L Shift')
    Local override; warning
    @(93.4640 mm, 104.1700 mm): Footprint SW21
[footprint_symbol_field_mismatch]: Field 'Key' differs (PCB: 'Ctrl', Schematic: 'L Ctrl')
    Local override; warning
    @(93.4640 mm, 123.2170 mm): Footprint SW28
[footprint_symbol_field_mismatch]: Field 'Key' differs (PCB: 'Win', Schematic: 'GUI')
    Local override; warning
    @(117.2765 mm, 123.2170 mm): Footprint SW29
[footprint_symbol_field_mismatch]: Field 'Key' differs (PCB: 'Alt', Schematic: 'L Alt')
    Local override; warning
    @(141.0890 mm, 123.2170 mm): Footprint SW30
[footprint_symbol_field_mismatch]: Field 'Datasheet' differs (PCB: '~', Schematic: '')
    Local override; warning
    @(81.5000 mm, 36.1900 mm): Footprint J4

** Ignored checks **
    - Thermal relief connection to zone incomplete
    - Footprint has no courtyard defined
    - Track endpoint not centered on via
    - Tuning profile track geometries
    - Footprint doesn't match symbol's footprint filters
    - Silkscreen clipped by solder mask
    - PTH inside courtyard
    - NPTH inside courtyard
    - Footprint component type doesn't match footprint pads

** End of Report **
